<?xml version="1.0" encoding="UTF-8"?>
<!-- Generated by org.testng.reporters.JUnitReportReporter -->
<testsuite hostname="Amine" failures="0" tests="2" name="mvnProjerct.GitTest" time="26.919" errors="0" timestamp="2023-10-26T01:01:10 CDT" skipped="0">
  <testcase classname="mvnProjerct.GitTest" name="negLoginTest" time="10.337"/>
  <system-out/>
  <testcase classname="mvnProjerct.GitTest" name="loginTest" time="16.582"/>
  <system-out/>
</testsuite> <!-- mvnProjerct.GitTest -->
